TN:
SF:src/eventlog.ts
FN:21,(anonymous_0)
FN:42,(anonymous_1)
FN:49,(anonymous_2)
FN:68,(anonymous_3)
FN:86,(anonymous_4)
FN:93,(anonymous_5)
FN:104,(anonymous_6)
FN:105,(anonymous_7)
FN:116,(anonymous_8)
FNF:9
FNH:9
FNDA:4,(anonymous_0)
FNDA:5,(anonymous_1)
FNDA:5,(anonymous_2)
FNDA:2,(anonymous_3)
FNDA:1,(anonymous_4)
FNDA:4,(anonymous_5)
FNDA:2,(anonymous_6)
FNDA:2,(anonymous_7)
FNDA:1,(anonymous_8)
DA:6,1
DA:12,1
DA:22,4
DA:23,4
DA:24,4
DA:25,4
DA:26,4
DA:28,4
DA:29,4
DA:32,4
DA:33,2
DA:35,2
DA:43,5
DA:50,5
DA:51,1
DA:53,4
DA:54,2
DA:56,4
DA:57,4
DA:69,2
DA:70,1
DA:73,1
DA:74,0
DA:77,1
DA:87,1
DA:94,4
DA:105,2
DA:106,2
DA:107,2
DA:108,2
DA:116,2
DA:117,1
DA:118,0
DA:120,1
DA:121,1
DA:123,2
LF:36
LH:34
BRDA:32,0,0,2
BRDA:32,0,1,2
BRDA:50,1,0,1
BRDA:53,2,0,2
BRDA:69,3,0,1
BRDA:73,4,0,0
BRDA:105,5,0,0
BRDA:105,5,1,2
BRDA:105,6,0,2
BRDA:105,6,1,2
BRDA:107,7,0,2
BRDA:117,8,0,0
BRDA:123,9,0,0
BRDA:123,9,1,2
BRF:14
BRH:10
end_of_record
TN:
SF:src/handler.ts
FN:13,(anonymous_0)
FN:24,(anonymous_1)
FNF:2
FNH:0
FNDA:0,(anonymous_0)
FNDA:0,(anonymous_1)
DA:4,0
DA:5,0
DA:12,0
DA:14,0
DA:25,0
DA:26,0
DA:30,0
DA:36,0
DA:37,0
DA:39,0
DA:42,0
DA:43,0
DA:46,0
LF:13
LH:0
BRDA:13,0,0,0
BRDA:14,1,0,0
BRDA:14,1,1,0
BRDA:42,2,0,0
BRF:4
BRH:0
end_of_record
TN:
SF:src/index.ts
FNF:0
FNH:0
DA:4,1
LF:1
LH:1
BRF:0
BRH:0
end_of_record
